Arguments: 
  /home/aditya/.nvm/versions/node/v20.13.1/bin/node /usr/share/yarn/bin/yarn.js add @eigenlayer-middleware

PATH: 
  /home/aditya/.nvm/versions/node/v20.13.1/bin:/home/aditya/.local/bin:/usr/local/sbin:/usr/local/bin:/usr/sbin:/usr/bin:/sbin:/bin:/usr/games:/usr/local/games:/snap/bin:/home/aditya/.foundry/bin

Yarn version: 
  1.22.19

Node version: 
  20.13.1

Platform: 
  linux x64

Trace: 
  Error: https://registry.yarnpkg.com/@eigenlayer-middleware: Request "https://registry.yarnpkg.com/@eigenlayer-middleware" returned a 405
      at params.callback [as _callback] (/usr/share/yarn/lib/cli.js:66154:18)
      at self.callback (/usr/share/yarn/lib/cli.js:140890:22)
      at Request.emit (node:events:519:28)
      at Request.<anonymous> (/usr/share/yarn/lib/cli.js:141862:10)
      at Request.emit (node:events:519:28)
      at IncomingMessage.<anonymous> (/usr/share/yarn/lib/cli.js:141784:12)
      at Object.onceWrapper (node:events:633:28)
      at IncomingMessage.emit (node:events:531:35)
      at endReadableNT (node:internal/streams/readable:1696:12)
      at process.processTicksAndRejections (node:internal/process/task_queues:82:21)

npm manifest: 
  {
    "name": "avs",
    "version": "1.0.0",
    "main": "index.js",
    "scripts": {
      "start": "node dist/index.js"
    },
    "dependencies": {
      "@types/node": "^20.12.12",
      "bls-signatures": "^2.0.3",
      "dotenv": "^10.0.0",
      "ethers": "^5.7.2",
      "express": "^4.19.2",
      "pg": "^8.12.0",
      "sequelize": "^6.37.3"
    },
    "devDependencies": {
      "@types/express": "^4.17.21",
      "typescript": "^5.4.5"
    }
  }

yarn manifest: 
  No manifest

Lockfile: 
  # THIS IS AN AUTOGENERATED FILE. DO NOT EDIT THIS FILE DIRECTLY.
  # yarn lockfile v1
  
  
  "@ethersproject/abi@5.7.0", "@ethersproject/abi@^5.7.0":
    version "5.7.0"
    resolved "https://registry.npmjs.org/@ethersproject/abi/-/abi-5.7.0.tgz"
    integrity sha512-351ktp42TiRcYB3H1OP8yajPeAQstMW/yCFokj/AthP9bLHzQFPlOrxOcwYEDkUAICmOHljvN4K39OMTMUa9RA==
    dependencies:
      "@ethersproject/address" "^5.7.0"
      "@ethersproject/bignumber" "^5.7.0"
      "@ethersproject/bytes" "^5.7.0"
      "@ethersproject/constants" "^5.7.0"
      "@ethersproject/hash" "^5.7.0"
      "@ethersproject/keccak256" "^5.7.0"
      "@ethersproject/logger" "^5.7.0"
      "@ethersproject/properties" "^5.7.0"
      "@ethersproject/strings" "^5.7.0"
  
  "@ethersproject/abstract-provider@5.7.0", "@ethersproject/abstract-provider@^5.7.0":
    version "5.7.0"
    resolved "https://registry.npmjs.org/@ethersproject/abstract-provider/-/abstract-provider-5.7.0.tgz"
    integrity sha512-R41c9UkchKCpAqStMYUpdunjo3pkEvZC3FAwZn5S5MGbXoMQOHIdHItezTETxAO5bevtMApSyEhn9+CHcDsWBw==
    dependencies:
      "@ethersproject/bignumber" "^5.7.0"
      "@ethersproject/bytes" "^5.7.0"
      "@ethersproject/logger" "^5.7.0"
      "@ethersproject/networks" "^5.7.0"
      "@ethersproject/properties" "^5.7.0"
      "@ethersproject/transactions" "^5.7.0"
      "@ethersproject/web" "^5.7.0"
  
  "@ethersproject/abstract-signer@5.7.0", "@ethersproject/abstract-signer@^5.7.0":
    version "5.7.0"
    resolved "https://registry.npmjs.org/@ethersproject/abstract-signer/-/abstract-signer-5.7.0.tgz"
    integrity sha512-a16V8bq1/Cz+TGCkE2OPMTOUDLS3grCpdjoJCYNnVBbdYEMSgKrU0+B90s8b6H+ByYTBZN7a3g76jdIJi7UfKQ==
    dependencies:
      "@ethersproject/abstract-provider" "^5.7.0"
      "@ethersproject/bignumber" "^5.7.0"
      "@ethersproject/bytes" "^5.7.0"
      "@ethersproject/logger" "^5.7.0"
      "@ethersproject/properties" "^5.7.0"
  
  "@ethersproject/address@5.7.0", "@ethersproject/address@^5.7.0":
    version "5.7.0"
    resolved "https://registry.npmjs.org/@ethersproject/address/-/address-5.7.0.tgz"
    integrity sha512-9wYhYt7aghVGo758POM5nqcOMaE168Q6aRLJZwUmiqSrAungkG74gSSeKEIR7ukixesdRZGPgVqme6vmxs1fkA==
    dependencies:
      "@ethersproject/bignumber" "^5.7.0"
      "@ethersproject/bytes" "^5.7.0"
      "@ethersproject/keccak256" "^5.7.0"
      "@ethersproject/logger" "^5.7.0"
      "@ethersproject/rlp" "^5.7.0"
  
  "@ethersproject/base64@5.7.0", "@ethersproject/base64@^5.7.0":
    version "5.7.0"
    resolved "https://registry.npmjs.org/@ethersproject/base64/-/base64-5.7.0.tgz"
    integrity sha512-Dr8tcHt2mEbsZr/mwTPIQAf3Ai0Bks/7gTw9dSqk1mQvhW3XvRlmDJr/4n+wg1JmCl16NZue17CDh8xb/vZ0sQ==
    dependencies:
      "@ethersproject/bytes" "^5.7.0"
  
  "@ethersproject/basex@5.7.0", "@ethersproject/basex@^5.7.0":
    version "5.7.0"
    resolved "https://registry.npmjs.org/@ethersproject/basex/-/basex-5.7.0.tgz"
    integrity sha512-ywlh43GwZLv2Voc2gQVTKBoVQ1mti3d8HK5aMxsfu/nRDnMmNqaSJ3r3n85HBByT8OpoY96SXM1FogC533T4zw==
    dependencies:
      "@ethersproject/bytes" "^5.7.0"
      "@ethersproject/properties" "^5.7.0"
  
  "@ethersproject/bignumber@5.7.0", "@ethersproject/bignumber@^5.7.0":
    version "5.7.0"
    resolved "https://registry.npmjs.org/@ethersproject/bignumber/-/bignumber-5.7.0.tgz"
    integrity sha512-n1CAdIHRWjSucQO3MC1zPSVgV/6dy/fjL9pMrPP9peL+QxEg9wOsVqwD4+818B6LUEtaXzVHQiuivzRoxPxUGw==
    dependencies:
      "@ethersproject/bytes" "^5.7.0"
      "@ethersproject/logger" "^5.7.0"
      bn.js "^5.2.1"
  
  "@ethersproject/bytes@5.7.0", "@ethersproject/bytes@^5.7.0":
    version "5.7.0"
    resolved "https://registry.npmjs.org/@ethersproject/bytes/-/bytes-5.7.0.tgz"
    integrity sha512-nsbxwgFXWh9NyYWo+U8atvmMsSdKJprTcICAkvbBffT75qDocbuggBU0SJiVK2MuTrp0q+xvLkTnGMPK1+uA9A==
    dependencies:
      "@ethersproject/logger" "^5.7.0"
  
  "@ethersproject/constants@5.7.0", "@ethersproject/constants@^5.7.0":
    version "5.7.0"
    resolved "https://registry.npmjs.org/@ethersproject/constants/-/constants-5.7.0.tgz"
    integrity sha512-DHI+y5dBNvkpYUMiRQyxRBYBefZkJfo70VUkUAsRjcPs47muV9evftfZ0PJVCXYbAiCgght0DtcF9srFQmIgWA==
    dependencies:
      "@ethersproject/bignumber" "^5.7.0"
  
  "@ethersproject/contracts@5.7.0":
    version "5.7.0"
    resolved "https://registry.npmjs.org/@ethersproject/contracts/-/contracts-5.7.0.tgz"
    integrity sha512-5GJbzEU3X+d33CdfPhcyS+z8MzsTrBGk/sc+G+59+tPa9yFkl6HQ9D6L0QMgNTA9q8dT0XKxxkyp883XsQvbbg==
    dependencies:
      "@ethersproject/abi" "^5.7.0"
      "@ethersproject/abstract-provider" "^5.7.0"
      "@ethersproject/abstract-signer" "^5.7.0"
      "@ethersproject/address" "^5.7.0"
      "@ethersproject/bignumber" "^5.7.0"
      "@ethersproject/bytes" "^5.7.0"
      "@ethersproject/constants" "^5.7.0"
      "@ethersproject/logger" "^5.7.0"
      "@ethersproject/properties" "^5.7.0"
      "@ethersproject/transactions" "^5.7.0"
  
  "@ethersproject/hash@5.7.0", "@ethersproject/hash@^5.7.0":
    version "5.7.0"
    resolved "https://registry.npmjs.org/@ethersproject/hash/-/hash-5.7.0.tgz"
    integrity sha512-qX5WrQfnah1EFnO5zJv1v46a8HW0+E5xuBBDTwMFZLuVTx0tbU2kkx15NqdjxecrLGatQN9FGQKpb1FKdHCt+g==
    dependencies:
      "@ethersproject/abstract-signer" "^5.7.0"
      "@ethersproject/address" "^5.7.0"
      "@ethersproject/base64" "^5.7.0"
      "@ethersproject/bignumber" "^5.7.0"
      "@ethersproject/bytes" "^5.7.0"
      "@ethersproject/keccak256" "^5.7.0"
      "@ethersproject/logger" "^5.7.0"
      "@ethersproject/properties" "^5.7.0"
      "@ethersproject/strings" "^5.7.0"
  
  "@ethersproject/hdnode@5.7.0", "@ethersproject/hdnode@^5.7.0":
    version "5.7.0"
    resolved "https://registry.npmjs.org/@ethersproject/hdnode/-/hdnode-5.7.0.tgz"
    integrity sha512-OmyYo9EENBPPf4ERhR7oj6uAtUAhYGqOnIS+jE5pTXvdKBS99ikzq1E7Iv0ZQZ5V36Lqx1qZLeak0Ra16qpeOg==
    dependencies:
      "@ethersproject/abstract-signer" "^5.7.0"
      "@ethersproject/basex" "^5.7.0"
      "@ethersproject/bignumber" "^5.7.0"
      "@ethersproject/bytes" "^5.7.0"
      "@ethersproject/logger" "^5.7.0"
      "@ethersproject/pbkdf2" "^5.7.0"
      "@ethersproject/properties" "^5.7.0"
      "@ethersproject/sha2" "^5.7.0"
      "@ethersproject/signing-key" "^5.7.0"
      "@ethersproject/strings" "^5.7.0"
      "@ethersproject/transactions" "^5.7.0"
      "@ethersproject/wordlists" "^5.7.0"
  
  "@ethersproject/json-wallets@5.7.0", "@ethersproject/json-wallets@^5.7.0":
    version "5.7.0"
    resolved "https://registry.npmjs.org/@ethersproject/json-wallets/-/json-wallets-5.7.0.tgz"
    integrity sha512-8oee5Xgu6+RKgJTkvEMl2wDgSPSAQ9MB/3JYjFV9jlKvcYHUXZC+cQp0njgmxdHkYWn8s6/IqIZYm0YWCjO/0g==
    dependencies:
      "@ethersproject/abstract-signer" "^5.7.0"
      "@ethersproject/address" "^5.7.0"
      "@ethersproject/bytes" "^5.7.0"
      "@ethersproject/hdnode" "^5.7.0"
      "@ethersproject/keccak256" "^5.7.0"
      "@ethersproject/logger" "^5.7.0"
      "@ethersproject/pbkdf2" "^5.7.0"
      "@ethersproject/properties" "^5.7.0"
      "@ethersproject/random" "^5.7.0"
      "@ethersproject/strings" "^5.7.0"
      "@ethersproject/transactions" "^5.7.0"
      aes-js "3.0.0"
      scrypt-js "3.0.1"
  
  "@ethersproject/keccak256@5.7.0", "@ethersproject/keccak256@^5.7.0":
    version "5.7.0"
    resolved "https://registry.npmjs.org/@ethersproject/keccak256/-/keccak256-5.7.0.tgz"
    integrity sha512-2UcPboeL/iW+pSg6vZ6ydF8tCnv3Iu/8tUmLLzWWGzxWKFFqOBQFLo6uLUv6BDrLgCDfN28RJ/wtByx+jZ4KBg==
    dependencies:
      "@ethersproject/bytes" "^5.7.0"
      js-sha3 "0.8.0"
  
  "@ethersproject/logger@5.7.0", "@ethersproject/logger@^5.7.0":
    version "5.7.0"
    resolved "https://registry.npmjs.org/@ethersproject/logger/-/logger-5.7.0.tgz"
    integrity sha512-0odtFdXu/XHtjQXJYA3u9G0G8btm0ND5Cu8M7i5vhEcE8/HmF4Lbdqanwyv4uQTr2tx6b7fQRmgLrsnpQlmnig==
  
  "@ethersproject/networks@5.7.1", "@ethersproject/networks@^5.7.0":
    version "5.7.1"
    resolved "https://registry.npmjs.org/@ethersproject/networks/-/networks-5.7.1.tgz"
    integrity sha512-n/MufjFYv3yFcUyfhnXotyDlNdFb7onmkSy8aQERi2PjNcnWQ66xXxa3XlS8nCcA8aJKJjIIMNJTC7tu80GwpQ==
    dependencies:
      "@ethersproject/logger" "^5.7.0"
  
  "@ethersproject/pbkdf2@5.7.0", "@ethersproject/pbkdf2@^5.7.0":
    version "5.7.0"
    resolved "https://registry.npmjs.org/@ethersproject/pbkdf2/-/pbkdf2-5.7.0.tgz"
    integrity sha512-oR/dBRZR6GTyaofd86DehG72hY6NpAjhabkhxgr3X2FpJtJuodEl2auADWBZfhDHgVCbu3/H/Ocq2uC6dpNjjw==
    dependencies:
      "@ethersproject/bytes" "^5.7.0"
      "@ethersproject/sha2" "^5.7.0"
  
  "@ethersproject/properties@5.7.0", "@ethersproject/properties@^5.7.0":
    version "5.7.0"
    resolved "https://registry.npmjs.org/@ethersproject/properties/-/properties-5.7.0.tgz"
    integrity sha512-J87jy8suntrAkIZtecpxEPxY//szqr1mlBaYlQ0r4RCaiD2hjheqF9s1LVE8vVuJCXisjIP+JgtK/Do54ej4Sw==
    dependencies:
      "@ethersproject/logger" "^5.7.0"
  
  "@ethersproject/providers@5.7.2":
    version "5.7.2"
    resolved "https://registry.npmjs.org/@ethersproject/providers/-/providers-5.7.2.tgz"
    integrity sha512-g34EWZ1WWAVgr4aptGlVBF8mhl3VWjv+8hoAnzStu8Ah22VHBsuGzP17eb6xDVRzw895G4W7vvx60lFFur/1Rg==
    dependencies:
      "@ethersproject/abstract-provider" "^5.7.0"
      "@ethersproject/abstract-signer" "^5.7.0"
      "@ethersproject/address" "^5.7.0"
      "@ethersproject/base64" "^5.7.0"
      "@ethersproject/basex" "^5.7.0"
      "@ethersproject/bignumber" "^5.7.0"
      "@ethersproject/bytes" "^5.7.0"
      "@ethersproject/constants" "^5.7.0"
      "@ethersproject/hash" "^5.7.0"
      "@ethersproject/logger" "^5.7.0"
      "@ethersproject/networks" "^5.7.0"
      "@ethersproject/properties" "^5.7.0"
      "@ethersproject/random" "^5.7.0"
      "@ethersproject/rlp" "^5.7.0"
      "@ethersproject/sha2" "^5.7.0"
      "@ethersproject/strings" "^5.7.0"
      "@ethersproject/transactions" "^5.7.0"
      "@ethersproject/web" "^5.7.0"
      bech32 "1.1.4"
      ws "7.4.6"
  
  "@ethersproject/random@5.7.0", "@ethersproject/random@^5.7.0":
    version "5.7.0"
    resolved "https://registry.npmjs.org/@ethersproject/random/-/random-5.7.0.tgz"
    integrity sha512-19WjScqRA8IIeWclFme75VMXSBvi4e6InrUNuaR4s5pTF2qNhcGdCUwdxUVGtDDqC00sDLCO93jPQoDUH4HVmQ==
    dependencies:
      "@ethersproject/bytes" "^5.7.0"
      "@ethersproject/logger" "^5.7.0"
  
  "@ethersproject/rlp@5.7.0", "@ethersproject/rlp@^5.7.0":
    version "5.7.0"
    resolved "https://registry.npmjs.org/@ethersproject/rlp/-/rlp-5.7.0.tgz"
    integrity sha512-rBxzX2vK8mVF7b0Tol44t5Tb8gomOHkj5guL+HhzQ1yBh/ydjGnpw6at+X6Iw0Kp3OzzzkcKp8N9r0W4kYSs9w==
    dependencies:
      "@ethersproject/bytes" "^5.7.0"
      "@ethersproject/logger" "^5.7.0"
  
  "@ethersproject/sha2@5.7.0", "@ethersproject/sha2@^5.7.0":
    version "5.7.0"
    resolved "https://registry.npmjs.org/@ethersproject/sha2/-/sha2-5.7.0.tgz"
    integrity sha512-gKlH42riwb3KYp0reLsFTokByAKoJdgFCwI+CCiX/k+Jm2mbNs6oOaCjYQSlI1+XBVejwH2KrmCbMAT/GnRDQw==
    dependencies:
      "@ethersproject/bytes" "^5.7.0"
      "@ethersproject/logger" "^5.7.0"
      hash.js "1.1.7"
  
  "@ethersproject/signing-key@5.7.0", "@ethersproject/signing-key@^5.7.0":
    version "5.7.0"
    resolved "https://registry.npmjs.org/@ethersproject/signing-key/-/signing-key-5.7.0.tgz"
    integrity sha512-MZdy2nL3wO0u7gkB4nA/pEf8lu1TlFswPNmy8AiYkfKTdO6eXBJyUdmHO/ehm/htHw9K/qF8ujnTyUAD+Ry54Q==
    dependencies:
      "@ethersproject/bytes" "^5.7.0"
      "@ethersproject/logger" "^5.7.0"
      "@ethersproject/properties" "^5.7.0"
      bn.js "^5.2.1"
      elliptic "6.5.4"
      hash.js "1.1.7"
  
  "@ethersproject/solidity@5.7.0":
    version "5.7.0"
    resolved "https://registry.npmjs.org/@ethersproject/solidity/-/solidity-5.7.0.tgz"
    integrity sha512-HmabMd2Dt/raavyaGukF4XxizWKhKQ24DoLtdNbBmNKUOPqwjsKQSdV9GQtj9CBEea9DlzETlVER1gYeXXBGaA==
    dependencies:
      "@ethersproject/bignumber" "^5.7.0"
      "@ethersproject/bytes" "^5.7.0"
      "@ethersproject/keccak256" "^5.7.0"
      "@ethersproject/logger" "^5.7.0"
      "@ethersproject/sha2" "^5.7.0"
      "@ethersproject/strings" "^5.7.0"
  
  "@ethersproject/strings@5.7.0", "@ethersproject/strings@^5.7.0":
    version "5.7.0"
    resolved "https://registry.npmjs.org/@ethersproject/strings/-/strings-5.7.0.tgz"
    integrity sha512-/9nu+lj0YswRNSH0NXYqrh8775XNyEdUQAuf3f+SmOrnVewcJ5SBNAjF7lpgehKi4abvNNXyf+HX86czCdJ8Mg==
    dependencies:
      "@ethersproject/bytes" "^5.7.0"
      "@ethersproject/constants" "^5.7.0"
      "@ethersproject/logger" "^5.7.0"
  
  "@ethersproject/transactions@5.7.0", "@ethersproject/transactions@^5.7.0":
    version "5.7.0"
    resolved "https://registry.npmjs.org/@ethersproject/transactions/-/transactions-5.7.0.tgz"
    integrity sha512-kmcNicCp1lp8qanMTC3RIikGgoJ80ztTyvtsFvCYpSCfkjhD0jZ2LOrnbcuxuToLIUYYf+4XwD1rP+B/erDIhQ==
    dependencies:
      "@ethersproject/address" "^5.7.0"
      "@ethersproject/bignumber" "^5.7.0"
      "@ethersproject/bytes" "^5.7.0"
      "@ethersproject/constants" "^5.7.0"
      "@ethersproject/keccak256" "^5.7.0"
      "@ethersproject/logger" "^5.7.0"
      "@ethersproject/properties" "^5.7.0"
      "@ethersproject/rlp" "^5.7.0"
      "@ethersproject/signing-key" "^5.7.0"
  
  "@ethersproject/units@5.7.0":
    version "5.7.0"
    resolved "https://registry.npmjs.org/@ethersproject/units/-/units-5.7.0.tgz"
    integrity sha512-pD3xLMy3SJu9kG5xDGI7+xhTEmGXlEqXU4OfNapmfnxLVY4EMSSRp7j1k7eezutBPH7RBN/7QPnwR7hzNlEFeg==
    dependencies:
      "@ethersproject/bignumber" "^5.7.0"
      "@ethersproject/constants" "^5.7.0"
      "@ethersproject/logger" "^5.7.0"
  
  "@ethersproject/wallet@5.7.0":
    version "5.7.0"
    resolved "https://registry.npmjs.org/@ethersproject/wallet/-/wallet-5.7.0.tgz"
    integrity sha512-MhmXlJXEJFBFVKrDLB4ZdDzxcBxQ3rLyCkhNqVu3CDYvR97E+8r01UgrI+TI99Le+aYm/in/0vp86guJuM7FCA==
    dependencies:
      "@ethersproject/abstract-provider" "^5.7.0"
      "@ethersproject/abstract-signer" "^5.7.0"
      "@ethersproject/address" "^5.7.0"
      "@ethersproject/bignumber" "^5.7.0"
      "@ethersproject/bytes" "^5.7.0"
      "@ethersproject/hash" "^5.7.0"
      "@ethersproject/hdnode" "^5.7.0"
      "@ethersproject/json-wallets" "^5.7.0"
      "@ethersproject/keccak256" "^5.7.0"
      "@ethersproject/logger" "^5.7.0"
      "@ethersproject/properties" "^5.7.0"
      "@ethersproject/random" "^5.7.0"
      "@ethersproject/signing-key" "^5.7.0"
      "@ethersproject/transactions" "^5.7.0"
      "@ethersproject/wordlists" "^5.7.0"
  
  "@ethersproject/web@5.7.1", "@ethersproject/web@^5.7.0":
    version "5.7.1"
    resolved "https://registry.npmjs.org/@ethersproject/web/-/web-5.7.1.tgz"
    integrity sha512-Gueu8lSvyjBWL4cYsWsjh6MtMwM0+H4HvqFPZfB6dV8ctbP9zFAO73VG1cMWae0FLPCtz0peKPpZY8/ugJJX2w==
    dependencies:
      "@ethersproject/base64" "^5.7.0"
      "@ethersproject/bytes" "^5.7.0"
      "@ethersproject/logger" "^5.7.0"
      "@ethersproject/properties" "^5.7.0"
      "@ethersproject/strings" "^5.7.0"
  
  "@ethersproject/wordlists@5.7.0", "@ethersproject/wordlists@^5.7.0":
    version "5.7.0"
    resolved "https://registry.npmjs.org/@ethersproject/wordlists/-/wordlists-5.7.0.tgz"
    integrity sha512-S2TFNJNfHWVHNE6cNDjbVlZ6MgE17MIxMbMg2zv3wn+3XSJGosL1m9ZVv3GXCf/2ymSsQ+hRI5IzoMJTG6aoVA==
    dependencies:
      "@ethersproject/bytes" "^5.7.0"
      "@ethersproject/hash" "^5.7.0"
      "@ethersproject/logger" "^5.7.0"
      "@ethersproject/properties" "^5.7.0"
      "@ethersproject/strings" "^5.7.0"
  
  "@types/body-parser@*":
    version "1.19.5"
    resolved "https://registry.npmjs.org/@types/body-parser/-/body-parser-1.19.5.tgz"
    integrity sha512-fB3Zu92ucau0iQ0JMCFQE7b/dv8Ot07NI3KaZIkIUNXq82k4eBAqUaneXfleGY9JWskeS9y+u0nXMyspcuQrCg==
    dependencies:
      "@types/connect" "*"
      "@types/node" "*"
  
  "@types/connect@*":
    version "3.4.38"
    resolved "https://registry.npmjs.org/@types/connect/-/connect-3.4.38.tgz"
    integrity sha512-K6uROf1LD88uDQqJCktA4yzL1YYAK6NgfsI0v/mTgyPKWsX1CnJ0XPSDhViejru1GcRkLWb8RlzFYJRqGUbaug==
    dependencies:
      "@types/node" "*"
  
  "@types/debug@^4.1.8":
    version "4.1.12"
    resolved "https://registry.npmjs.org/@types/debug/-/debug-4.1.12.tgz"
    integrity sha512-vIChWdVG3LG1SMxEvI/AK+FWJthlrqlTu7fbrlywTkkaONwk/UAGaULXRlf8vkzFBLVm0zkMdCquhL5aOjhXPQ==
    dependencies:
      "@types/ms" "*"
  
  "@types/express-serve-static-core@^4.17.33":
    version "4.19.5"
    resolved "https://registry.npmjs.org/@types/express-serve-static-core/-/express-serve-static-core-4.19.5.tgz"
    integrity sha512-y6W03tvrACO72aijJ5uF02FRq5cgDR9lUxddQ8vyF+GvmjJQqbzDcJngEjURc+ZsG31VI3hODNZJ2URj86pzmg==
    dependencies:
      "@types/node" "*"
      "@types/qs" "*"
      "@types/range-parser" "*"
      "@types/send" "*"
  
  "@types/express@^4.17.21":
    version "4.17.21"
    resolved "https://registry.npmjs.org/@types/express/-/express-4.17.21.tgz"
    integrity sha512-ejlPM315qwLpaQlQDTjPdsUFSc6ZsP4AN6AlWnogPjQ7CVi7PYF3YVz+CY3jE2pwYf7E/7HlDAN0rV2GxTG0HQ==
    dependencies:
      "@types/body-parser" "*"
      "@types/express-serve-static-core" "^4.17.33"
      "@types/qs" "*"
      "@types/serve-static" "*"
  
  "@types/http-errors@*":
    version "2.0.4"
    resolved "https://registry.npmjs.org/@types/http-errors/-/http-errors-2.0.4.tgz"
    integrity sha512-D0CFMMtydbJAegzOyHjtiKPLlvnm3iTZyZRSZoLq2mRhDdmLfIWOCYPfQJ4cu2erKghU++QvjcUjp/5h7hESpA==
  
  "@types/mime@^1":
    version "1.3.5"
    resolved "https://registry.npmjs.org/@types/mime/-/mime-1.3.5.tgz"
    integrity sha512-/pyBZWSLD2n0dcHE3hq8s8ZvcETHtEuF+3E7XVt0Ig2nvsVQXdghHVcEkIWjy9A0wKfTn97a/PSDYohKIlnP/w==
  
  "@types/ms@*":
    version "0.7.34"
    resolved "https://registry.npmjs.org/@types/ms/-/ms-0.7.34.tgz"
    integrity sha512-nG96G3Wp6acyAgJqGasjODb+acrI7KltPiRxzHPXnP3NgI28bpQDRv53olbqGXbfcgF5aiiHmO3xpwEpS5Ld9g==
  
  "@types/node@*", "@types/node@^20.12.12":
    version "20.12.12"
    resolved "https://registry.npmjs.org/@types/node/-/node-20.12.12.tgz"
    integrity sha512-eWLDGF/FOSPtAvEqeRAQ4C8LSA7M1I7i0ky1I8U7kD1J5ITyW3AsRhQrKVoWf5pFKZ2kILsEGJhsI9r93PYnOw==
    dependencies:
      undici-types "~5.26.4"
  
  "@types/qs@*":
    version "6.9.15"
    resolved "https://registry.npmjs.org/@types/qs/-/qs-6.9.15.tgz"
    integrity sha512-uXHQKES6DQKKCLh441Xv/dwxOq1TVS3JPUMlEqoEglvlhR6Mxnlew/Xq/LRVHpLyk7iK3zODe1qYHIMltO7XGg==
  
  "@types/range-parser@*":
    version "1.2.7"
    resolved "https://registry.npmjs.org/@types/range-parser/-/range-parser-1.2.7.tgz"
    integrity sha512-hKormJbkJqzQGhziax5PItDUTMAM9uE2XXQmM37dyd4hVM+5aVl7oVxMVUiVQn2oCQFN/LKCZdvSM0pFRqbSmQ==
  
  "@types/send@*":
    version "0.17.4"
    resolved "https://registry.npmjs.org/@types/send/-/send-0.17.4.tgz"
    integrity sha512-x2EM6TJOybec7c52BX0ZspPodMsQUd5L6PRwOunVyVUhXiBSKf3AezDL8Dgvgt5o0UfKNfuA0eMLr2wLT4AiBA==
    dependencies:
      "@types/mime" "^1"
      "@types/node" "*"
  
  "@types/serve-static@*":
    version "1.15.7"
    resolved "https://registry.npmjs.org/@types/serve-static/-/serve-static-1.15.7.tgz"
    integrity sha512-W8Ym+h8nhuRwaKPaDw34QUkwsGi6Rc4yYqvKFo5rm2FUEhCFbzVWrxXUxuKK8TASjWsysJY0nsmNCGhCOIsrOw==
    dependencies:
      "@types/http-errors" "*"
      "@types/node" "*"
      "@types/send" "*"
  
  "@types/validator@^13.7.17":
    version "13.12.0"
    resolved "https://registry.npmjs.org/@types/validator/-/validator-13.12.0.tgz"
    integrity sha512-nH45Lk7oPIJ1RVOF6JgFI6Dy0QpHEzq4QecZhvguxYPDwT8c93prCMqAtiIttm39voZ+DDR+qkNnMpJmMBRqag==
  
  accepts@~1.3.8:
    version "1.3.8"
    resolved "https://registry.npmjs.org/accepts/-/accepts-1.3.8.tgz"
    integrity sha512-PYAthTa2m2VKxuvSD3DPC/Gy+U+sOA1LAuT8mkmRuvw+NACSaeXEQ+NHcVF7rONl6qcaxV3Uuemwawk+7+SJLw==
    dependencies:
      mime-types "~2.1.34"
      negotiator "0.6.3"
  
  aes-js@3.0.0:
    version "3.0.0"
    resolved "https://registry.npmjs.org/aes-js/-/aes-js-3.0.0.tgz"
    integrity sha512-H7wUZRn8WpTq9jocdxQ2c8x2sKo9ZVmzfRE13GiNJXfp7NcKYEdvl3vspKjXox6RIG2VtaRe4JFvxG4rqp2Zuw==
  
  array-flatten@1.1.1:
    version "1.1.1"
    resolved "https://registry.npmjs.org/array-flatten/-/array-flatten-1.1.1.tgz"
    integrity sha512-PCVAQswWemu6UdxsDFFX/+gVeYqKAod3D3UVm91jHwynguOwAvYPhx8nNlM++NqRcK6CxxpUafjmhIdKiHibqg==
  
  bech32@1.1.4:
    version "1.1.4"
    resolved "https://registry.npmjs.org/bech32/-/bech32-1.1.4.tgz"
    integrity sha512-s0IrSOzLlbvX7yp4WBfPITzpAU8sqQcpsmwXDiKwrG4r491vwCO/XpejasRNl0piBMe/DvP4Tz0mIS/X1DPJBQ==
  
  binascii@0.0.2:
    version "0.0.2"
    resolved "https://registry.npmjs.org/binascii/-/binascii-0.0.2.tgz"
    integrity sha512-rA2CrUl1+6yKrn+XgLs8Hdy18OER1UW146nM+ixzhQXDY+Bd3ySkyIJGwF2a4I45JwbvF1mDL/nWkqBwpOcdBA==
  
  bls-signatures@^2.0.3:
    version "2.0.3"
    resolved "https://registry.npmjs.org/bls-signatures/-/bls-signatures-2.0.3.tgz"
    integrity sha512-6hp0od7VJkXthuANiABt+0z3nWbfGBKGu17JrzZR+mg6+hy3hpt1uwZS2xkK2eXwc1pz1jzVeYJxjMKNj4km+A==
    dependencies:
      binascii "0.0.2"
      core-js "^3.33.2"
  
  bn.js@^4.11.9:
    version "4.12.0"
    resolved "https://registry.npmjs.org/bn.js/-/bn.js-4.12.0.tgz"
    integrity sha512-c98Bf3tPniI+scsdk237ku1Dc3ujXQTSgyiPUDEOe7tRkhrqridvh8klBv0HCEso1OLOYcHuCv/cS6DNxKH+ZA==
  
  bn.js@^5.2.1:
    version "5.2.1"
    resolved "https://registry.npmjs.org/bn.js/-/bn.js-5.2.1.tgz"
    integrity sha512-eXRvHzWyYPBuB4NBy0cmYQjGitUrtqwbvlzP3G6VFnNRbsZQIxQ10PbKKHt8gZ/HW/D/747aDl+QkDqg3KQLMQ==
  
  body-parser@1.20.2:
    version "1.20.2"
    resolved "https://registry.npmjs.org/body-parser/-/body-parser-1.20.2.tgz"
    integrity sha512-ml9pReCu3M61kGlqoTm2umSXTlRTuGTx0bfYj+uIUKKYycG5NtSbeetV3faSU6R7ajOPw0g/J1PvK4qNy7s5bA==
    dependencies:
      bytes "3.1.2"
      content-type "~1.0.5"
      debug "2.6.9"
      depd "2.0.0"
      destroy "1.2.0"
      http-errors "2.0.0"
      iconv-lite "0.4.24"
      on-finished "2.4.1"
      qs "6.11.0"
      raw-body "2.5.2"
      type-is "~1.6.18"
      unpipe "1.0.0"
  
  brorand@^1.1.0:
    version "1.1.0"
    resolved "https://registry.npmjs.org/brorand/-/brorand-1.1.0.tgz"
    integrity sha512-cKV8tMCEpQs4hK/ik71d6LrPOnpkpGBR0wzxqr68g2m/LB2GxVYQroAjMJZRVM1Y4BCjCKc3vAamxSzOY2RP+w==
  
  bytes@3.1.2:
    version "3.1.2"
    resolved "https://registry.npmjs.org/bytes/-/bytes-3.1.2.tgz"
    integrity sha512-/Nf7TyzTx6S3yRJObOAV7956r8cr2+Oj8AC5dt8wSP3BQAoeX58NoHyCU8P8zGkNXStjTSi6fzO6F0pBdcYbEg==
  
  call-bind@^1.0.7:
    version "1.0.7"
    resolved "https://registry.npmjs.org/call-bind/-/call-bind-1.0.7.tgz"
    integrity sha512-GHTSNSYICQ7scH7sZ+M2rFopRoLh8t2bLSW6BbgrtLsahOIB5iyAVJf9GjWK3cYTDaMj4XdBpM1cA6pIS0Kv2w==
    dependencies:
      es-define-property "^1.0.0"
      es-errors "^1.3.0"
      function-bind "^1.1.2"
      get-intrinsic "^1.2.4"
      set-function-length "^1.2.1"
  
  content-disposition@0.5.4:
    version "0.5.4"
    resolved "https://registry.npmjs.org/content-disposition/-/content-disposition-0.5.4.tgz"
    integrity sha512-FveZTNuGw04cxlAiWbzi6zTAL/lhehaWbTtgluJh4/E95DqMwTmha3KZN1aAWA8cFIhHzMZUvLevkw5Rqk+tSQ==
    dependencies:
      safe-buffer "5.2.1"
  
  content-type@~1.0.4, content-type@~1.0.5:
    version "1.0.5"
    resolved "https://registry.npmjs.org/content-type/-/content-type-1.0.5.tgz"
    integrity sha512-nTjqfcBFEipKdXCv4YDQWCfmcLZKm81ldF0pAopTvyrFGVbcR6P/VAAd5G7N+0tTr8QqiU0tFadD6FK4NtJwOA==
  
  cookie-signature@1.0.6:
    version "1.0.6"
    resolved "https://registry.npmjs.org/cookie-signature/-/cookie-signature-1.0.6.tgz"
    integrity sha512-QADzlaHc8icV8I7vbaJXJwod9HWYp8uCqf1xa4OfNu1T7JVxQIrUgOWtHdNDtPiywmFbiS12VjotIXLrKM3orQ==
  
  cookie@0.6.0:
    version "0.6.0"
    resolved "https://registry.npmjs.org/cookie/-/cookie-0.6.0.tgz"
    integrity sha512-U71cyTamuh1CRNCfpGY6to28lxvNwPG4Guz/EVjgf3Jmzv0vlDp1atT9eS5dDjMYHucpHbWns6Lwf3BKz6svdw==
  
  core-js@^3.33.2:
    version "3.37.1"
    resolved "https://registry.npmjs.org/core-js/-/core-js-3.37.1.tgz"
    integrity sha512-Xn6qmxrQZyB0FFY8E3bgRXei3lWDJHhvI+u0q9TKIYM49G8pAr0FgnnrFRAmsbptZL1yxRADVXn+x5AGsbBfyw==
  
  debug@2.6.9:
    version "2.6.9"
    resolved "https://registry.npmjs.org/debug/-/debug-2.6.9.tgz"
    integrity sha512-bC7ElrdJaJnPbAP+1EotYvqZsb3ecl5wi6Bfi6BJTUcNowp6cvspg0jXznRTKDjm/E7AdgFBVeAPVMNcKGsHMA==
    dependencies:
      ms "2.0.0"
  
  debug@^4.3.4:
    version "4.3.5"
    resolved "https://registry.npmjs.org/debug/-/debug-4.3.5.tgz"
    integrity sha512-pt0bNEmneDIvdL1Xsd9oDQ/wrQRkXDT4AUWlNZNPKvW5x/jyO9VFXkJUP07vQ2upmw5PlaITaPKc31jK13V+jg==
    dependencies:
      ms "2.1.2"
  
  define-data-property@^1.1.4:
    version "1.1.4"
    resolved "https://registry.npmjs.org/define-data-property/-/define-data-property-1.1.4.tgz"
    integrity sha512-rBMvIzlpA8v6E+SJZoo++HAYqsLrkg7MSfIinMPFhmkorw7X+dOXVJQs+QT69zGkzMyfDnIMN2Wid1+NbL3T+A==
    dependencies:
      es-define-property "^1.0.0"
      es-errors "^1.3.0"
      gopd "^1.0.1"
  
  depd@2.0.0:
    version "2.0.0"
    resolved "https://registry.npmjs.org/depd/-/depd-2.0.0.tgz"
    integrity sha512-g7nH6P6dyDioJogAAGprGpCtVImJhpPk/roCzdb3fIh61/s/nPsfR6onyMwkCAR/OlC3yBC0lESvUoQEAssIrw==
  
  destroy@1.2.0:
    version "1.2.0"
    resolved "https://registry.npmjs.org/destroy/-/destroy-1.2.0.tgz"
    integrity sha512-2sJGJTaXIIaR1w4iJSNoN0hnMY7Gpc/n8D4qSCJw8QqFWXf7cuAgnEHxBpweaVcPevC2l3KpjYCx3NypQQgaJg==
  
  dotenv@^10.0.0:
    version "10.0.0"
    resolved "https://registry.npmjs.org/dotenv/-/dotenv-10.0.0.tgz"
    integrity sha512-rlBi9d8jpv9Sf1klPjNfFAuWDjKLwTIJJ/VxtoTwIR6hnZxcEOQCZg2oIL3MWBYw5GpUDKOEnND7LXTbIpQ03Q==
  
  dottie@^2.0.6:
    version "2.0.6"
    resolved "https://registry.npmjs.org/dottie/-/dottie-2.0.6.tgz"
    integrity sha512-iGCHkfUc5kFekGiqhe8B/mdaurD+lakO9txNnTvKtA6PISrw86LgqHvRzWYPyoE2Ph5aMIrCw9/uko6XHTKCwA==
  
  ee-first@1.1.1:
    version "1.1.1"
    resolved "https://registry.npmjs.org/ee-first/-/ee-first-1.1.1.tgz"
    integrity sha512-WMwm9LhRUo+WUaRN+vRuETqG89IgZphVSNkdFgeb6sS/E4OrDIN7t48CAewSHXc6C8lefD8KKfr5vY61brQlow==
  
  elliptic@6.5.4:
    version "6.5.4"
    resolved "https://registry.npmjs.org/elliptic/-/elliptic-6.5.4.tgz"
    integrity sha512-iLhC6ULemrljPZb+QutR5TQGB+pdW6KGD5RSegS+8sorOZT+rdQFbsQFJgvN3eRqNALqJer4oQ16YvJHlU8hzQ==
    dependencies:
      bn.js "^4.11.9"
      brorand "^1.1.0"
      hash.js "^1.0.0"
      hmac-drbg "^1.0.1"
      inherits "^2.0.4"
      minimalistic-assert "^1.0.1"
      minimalistic-crypto-utils "^1.0.1"
  
  encodeurl@~1.0.2:
    version "1.0.2"
    resolved "https://registry.npmjs.org/encodeurl/-/encodeurl-1.0.2.tgz"
    integrity sha512-TPJXq8JqFaVYm2CWmPvnP2Iyo4ZSM7/QKcSmuMLDObfpH5fi7RUGmd/rTDf+rut/saiDiQEeVTNgAmJEdAOx0w==
  
  es-define-property@^1.0.0:
    version "1.0.0"
    resolved "https://registry.npmjs.org/es-define-property/-/es-define-property-1.0.0.tgz"
    integrity sha512-jxayLKShrEqqzJ0eumQbVhTYQM27CfT1T35+gCgDFoL82JLsXqTJ76zv6A0YLOgEnLUMvLzsDsGIrl8NFpT2gQ==
    dependencies:
      get-intrinsic "^1.2.4"
  
  es-errors@^1.3.0:
    version "1.3.0"
    resolved "https://registry.npmjs.org/es-errors/-/es-errors-1.3.0.tgz"
    integrity sha512-Zf5H2Kxt2xjTvbJvP2ZWLEICxA6j+hAmMzIlypy4xcBg1vKVnx89Wy0GbS+kf5cwCVFFzdCFh2XSCFNULS6csw==
  
  escape-html@~1.0.3:
    version "1.0.3"
    resolved "https://registry.npmjs.org/escape-html/-/escape-html-1.0.3.tgz"
    integrity sha512-NiSupZ4OeuGwr68lGIeym/ksIZMJodUGOSCZ/FSnTxcrekbvqrgdUxlJOMpijaKZVjAJrWrGs/6Jy8OMuyj9ow==
  
  etag@~1.8.1:
    version "1.8.1"
    resolved "https://registry.npmjs.org/etag/-/etag-1.8.1.tgz"
    integrity sha512-aIL5Fx7mawVa300al2BnEE4iNvo1qETxLrPI/o05L7z6go7fCw1J6EQmbK4FmJ2AS7kgVF/KEZWufBfdClMcPg==
  
  ethers@^5.7.2:
    version "5.7.2"
    resolved "https://registry.npmjs.org/ethers/-/ethers-5.7.2.tgz"
    integrity sha512-wswUsmWo1aOK8rR7DIKiWSw9DbLWe6x98Jrn8wcTflTVvaXhAMaB5zGAXy0GYQEQp9iO1iSHWVyARQm11zUtyg==
    dependencies:
      "@ethersproject/abi" "5.7.0"
      "@ethersproject/abstract-provider" "5.7.0"
      "@ethersproject/abstract-signer" "5.7.0"
      "@ethersproject/address" "5.7.0"
      "@ethersproject/base64" "5.7.0"
      "@ethersproject/basex" "5.7.0"
      "@ethersproject/bignumber" "5.7.0"
      "@ethersproject/bytes" "5.7.0"
      "@ethersproject/constants" "5.7.0"
      "@ethersproject/contracts" "5.7.0"
      "@ethersproject/hash" "5.7.0"
      "@ethersproject/hdnode" "5.7.0"
      "@ethersproject/json-wallets" "5.7.0"
      "@ethersproject/keccak256" "5.7.0"
      "@ethersproject/logger" "5.7.0"
      "@ethersproject/networks" "5.7.1"
      "@ethersproject/pbkdf2" "5.7.0"
      "@ethersproject/properties" "5.7.0"
      "@ethersproject/providers" "5.7.2"
      "@ethersproject/random" "5.7.0"
      "@ethersproject/rlp" "5.7.0"
      "@ethersproject/sha2" "5.7.0"
      "@ethersproject/signing-key" "5.7.0"
      "@ethersproject/solidity" "5.7.0"
      "@ethersproject/strings" "5.7.0"
      "@ethersproject/transactions" "5.7.0"
      "@ethersproject/units" "5.7.0"
      "@ethersproject/wallet" "5.7.0"
      "@ethersproject/web" "5.7.1"
      "@ethersproject/wordlists" "5.7.0"
  
  express@^4.19.2:
    version "4.19.2"
    resolved "https://registry.npmjs.org/express/-/express-4.19.2.tgz"
    integrity sha512-5T6nhjsT+EOMzuck8JjBHARTHfMht0POzlA60WV2pMD3gyXw2LZnZ+ueGdNxG+0calOJcWKbpFcuzLZ91YWq9Q==
    dependencies:
      accepts "~1.3.8"
      array-flatten "1.1.1"
      body-parser "1.20.2"
      content-disposition "0.5.4"
      content-type "~1.0.4"
      cookie "0.6.0"
      cookie-signature "1.0.6"
      debug "2.6.9"
      depd "2.0.0"
      encodeurl "~1.0.2"
      escape-html "~1.0.3"
      etag "~1.8.1"
      finalhandler "1.2.0"
      fresh "0.5.2"
      http-errors "2.0.0"
      merge-descriptors "1.0.1"
      methods "~1.1.2"
      on-finished "2.4.1"
      parseurl "~1.3.3"
      path-to-regexp "0.1.7"
      proxy-addr "~2.0.7"
      qs "6.11.0"
      range-parser "~1.2.1"
      safe-buffer "5.2.1"
      send "0.18.0"
      serve-static "1.15.0"
      setprototypeof "1.2.0"
      statuses "2.0.1"
      type-is "~1.6.18"
      utils-merge "1.0.1"
      vary "~1.1.2"
  
  finalhandler@1.2.0:
    version "1.2.0"
    resolved "https://registry.npmjs.org/finalhandler/-/finalhandler-1.2.0.tgz"
    integrity sha512-5uXcUVftlQMFnWC9qu/svkWv3GTd2PfUhK/3PLkYNAe7FbqJMt3515HaxE6eRL74GdsriiwujiawdaB1BpEISg==
    dependencies:
      debug "2.6.9"
      encodeurl "~1.0.2"
      escape-html "~1.0.3"
      on-finished "2.4.1"
      parseurl "~1.3.3"
      statuses "2.0.1"
      unpipe "~1.0.0"
  
  forwarded@0.2.0:
    version "0.2.0"
    resolved "https://registry.npmjs.org/forwarded/-/forwarded-0.2.0.tgz"
    integrity sha512-buRG0fpBtRHSTCOASe6hD258tEubFoRLb4ZNA6NxMVHNw2gOcwHo9wyablzMzOA5z9xA9L1KNjk/Nt6MT9aYow==
  
  fresh@0.5.2:
    version "0.5.2"
    resolved "https://registry.npmjs.org/fresh/-/fresh-0.5.2.tgz"
    integrity sha512-zJ2mQYM18rEFOudeV4GShTGIQ7RbzA7ozbU9I/XBpm7kqgMywgmylMwXHxZJmkVoYkna9d2pVXVXPdYTP9ej8Q==
  
  function-bind@^1.1.2:
    version "1.1.2"
    resolved "https://registry.npmjs.org/function-bind/-/function-bind-1.1.2.tgz"
    integrity sha512-7XHNxH7qX9xG5mIwxkhumTox/MIRNcOgDrxWsMt2pAr23WHp6MrRlN7FBSFpCpr+oVO0F744iUgR82nJMfG2SA==
  
  get-intrinsic@^1.1.3, get-intrinsic@^1.2.4:
    version "1.2.4"
    resolved "https://registry.npmjs.org/get-intrinsic/-/get-intrinsic-1.2.4.tgz"
    integrity sha512-5uYhsJH8VJBTv7oslg4BznJYhDoRI6waYCxMmCdnTrcCrHA/fCFKoTFz2JKKE0HdDFUF7/oQuhzumXJK7paBRQ==
    dependencies:
      es-errors "^1.3.0"
      function-bind "^1.1.2"
      has-proto "^1.0.1"
      has-symbols "^1.0.3"
      hasown "^2.0.0"
  
  gopd@^1.0.1:
    version "1.0.1"
    resolved "https://registry.npmjs.org/gopd/-/gopd-1.0.1.tgz"
    integrity sha512-d65bNlIadxvpb/A2abVdlqKqV563juRnZ1Wtk6s1sIR8uNsXR70xqIzVqxVf1eTqDunwT2MkczEeaezCKTZhwA==
    dependencies:
      get-intrinsic "^1.1.3"
  
  has-property-descriptors@^1.0.2:
    version "1.0.2"
    resolved "https://registry.npmjs.org/has-property-descriptors/-/has-property-descriptors-1.0.2.tgz"
    integrity sha512-55JNKuIW+vq4Ke1BjOTjM2YctQIvCT7GFzHwmfZPGo5wnrgkid0YQtnAleFSqumZm4az3n2BS+erby5ipJdgrg==
    dependencies:
      es-define-property "^1.0.0"
  
  has-proto@^1.0.1:
    version "1.0.3"
    resolved "https://registry.npmjs.org/has-proto/-/has-proto-1.0.3.tgz"
    integrity sha512-SJ1amZAJUiZS+PhsVLf5tGydlaVB8EdFpaSO4gmiUKUOxk8qzn5AIy4ZeJUmh22znIdk/uMAUT2pl3FxzVUH+Q==
  
  has-symbols@^1.0.3:
    version "1.0.3"
    resolved "https://registry.npmjs.org/has-symbols/-/has-symbols-1.0.3.tgz"
    integrity sha512-l3LCuF6MgDNwTDKkdYGEihYjt5pRPbEg46rtlmnSPlUbgmB8LOIrKJbYYFBSbnPaJexMKtiPO8hmeRjRz2Td+A==
  
  hash.js@1.1.7, hash.js@^1.0.0, hash.js@^1.0.3:
    version "1.1.7"
    resolved "https://registry.npmjs.org/hash.js/-/hash.js-1.1.7.tgz"
    integrity sha512-taOaskGt4z4SOANNseOviYDvjEJinIkRgmp7LbKP2YTTmVxWBl87s/uzK9r+44BclBSp2X7K1hqeNfz9JbBeXA==
    dependencies:
      inherits "^2.0.3"
      minimalistic-assert "^1.0.1"
  
  hasown@^2.0.0:
    version "2.0.2"
    resolved "https://registry.npmjs.org/hasown/-/hasown-2.0.2.tgz"
    integrity sha512-0hJU9SCPvmMzIBdZFqNPXWa6dqh7WdH0cII9y+CyS8rG3nL48Bclra9HmKhVVUHyPWNH5Y7xDwAB7bfgSjkUMQ==
    dependencies:
      function-bind "^1.1.2"
  
  hmac-drbg@^1.0.1:
    version "1.0.1"
    resolved "https://registry.npmjs.org/hmac-drbg/-/hmac-drbg-1.0.1.tgz"
    integrity sha512-Tti3gMqLdZfhOQY1Mzf/AanLiqh1WTiJgEj26ZuYQ9fbkLomzGchCws4FyrSd4VkpBfiNhaE1On+lOz894jvXg==
    dependencies:
      hash.js "^1.0.3"
      minimalistic-assert "^1.0.0"
      minimalistic-crypto-utils "^1.0.1"
  
  http-errors@2.0.0:
    version "2.0.0"
    resolved "https://registry.npmjs.org/http-errors/-/http-errors-2.0.0.tgz"
    integrity sha512-FtwrG/euBzaEjYeRqOgly7G0qviiXoJWnvEH2Z1plBdXgbyjv34pHTSb9zoeHMyDy33+DWy5Wt9Wo+TURtOYSQ==
    dependencies:
      depd "2.0.0"
      inherits "2.0.4"
      setprototypeof "1.2.0"
      statuses "2.0.1"
      toidentifier "1.0.1"
  
  iconv-lite@0.4.24:
    version "0.4.24"
    resolved "https://registry.npmjs.org/iconv-lite/-/iconv-lite-0.4.24.tgz"
    integrity sha512-v3MXnZAcvnywkTUEZomIActle7RXXeedOR31wwl7VlyoXO4Qi9arvSenNQWne1TcRwhCL1HwLI21bEqdpj8/rA==
    dependencies:
      safer-buffer ">= 2.1.2 < 3"
  
  inflection@^1.13.4:
    version "1.13.4"
    resolved "https://registry.npmjs.org/inflection/-/inflection-1.13.4.tgz"
    integrity sha512-6I/HUDeYFfuNCVS3td055BaXBwKYuzw7K3ExVMStBowKo9oOAMJIXIHvdyR3iboTCp1b+1i5DSkIZTcwIktuDw==
  
  inherits@2.0.4, inherits@^2.0.3, inherits@^2.0.4:
    version "2.0.4"
    resolved "https://registry.npmjs.org/inherits/-/inherits-2.0.4.tgz"
    integrity sha512-k/vGaX4/Yla3WzyMCvTQOXYeIHvqOKtnqBduzTHpzpQZzAskKMhZ2K+EnBiSM9zGSoIFeMpXKxa4dYeZIQqewQ==
  
  ipaddr.js@1.9.1:
    version "1.9.1"
    resolved "https://registry.npmjs.org/ipaddr.js/-/ipaddr.js-1.9.1.tgz"
    integrity sha512-0KI/607xoxSToH7GjN1FfSbLoU0+btTicjsQSWQlh/hZykN8KpmMf7uYwPW3R+akZ6R/w18ZlXSHBYXiYUPO3g==
  
  js-sha3@0.8.0:
    version "0.8.0"
    resolved "https://registry.npmjs.org/js-sha3/-/js-sha3-0.8.0.tgz"
    integrity sha512-gF1cRrHhIzNfToc802P800N8PpXS+evLLXfsVpowqmAFR9uwbi89WvXg2QspOmXL8QL86J4T1EpFu+yUkwJY3Q==
  
  lodash@^4.17.21:
    version "4.17.21"
    resolved "https://registry.npmjs.org/lodash/-/lodash-4.17.21.tgz"
    integrity sha512-v2kDEe57lecTulaDIuNTPy3Ry4gLGJ6Z1O3vE1krgXZNrsQ+LFTGHVxVjcXPs17LhbZVGedAJv8XZ1tvj5FvSg==
  
  media-typer@0.3.0:
    version "0.3.0"
    resolved "https://registry.npmjs.org/media-typer/-/media-typer-0.3.0.tgz"
    integrity sha512-dq+qelQ9akHpcOl/gUVRTxVIOkAJ1wR3QAvb4RsVjS8oVoFjDGTc679wJYmUmknUF5HwMLOgb5O+a3KxfWapPQ==
  
  merge-descriptors@1.0.1:
    version "1.0.1"
    resolved "https://registry.npmjs.org/merge-descriptors/-/merge-descriptors-1.0.1.tgz"
    integrity sha512-cCi6g3/Zr1iqQi6ySbseM1Xvooa98N0w31jzUYrXPX2xqObmFGHJ0tQ5u74H3mVh7wLouTseZyYIq39g8cNp1w==
  
  methods@~1.1.2:
    version "1.1.2"
    resolved "https://registry.npmjs.org/methods/-/methods-1.1.2.tgz"
    integrity sha512-iclAHeNqNm68zFtnZ0e+1L2yUIdvzNoauKU4WBA3VvH/vPFieF7qfRlwUZU+DA9P9bPXIS90ulxoUoCH23sV2w==
  
  mime-db@1.52.0:
    version "1.52.0"
    resolved "https://registry.npmjs.org/mime-db/-/mime-db-1.52.0.tgz"
    integrity sha512-sPU4uV7dYlvtWJxwwxHD0PuihVNiE7TyAbQ5SWxDCB9mUYvOgroQOwYQQOKPJ8CIbE+1ETVlOoK1UC2nU3gYvg==
  
  mime-types@~2.1.24, mime-types@~2.1.34:
    version "2.1.35"
    resolved "https://registry.npmjs.org/mime-types/-/mime-types-2.1.35.tgz"
    integrity sha512-ZDY+bPm5zTTF+YpCrAU9nK0UgICYPT0QtT1NZWFv4s++TNkcgVaT0g6+4R2uI4MjQjzysHB1zxuWL50hzaeXiw==
    dependencies:
      mime-db "1.52.0"
  
  mime@1.6.0:
    version "1.6.0"
    resolved "https://registry.npmjs.org/mime/-/mime-1.6.0.tgz"
    integrity sha512-x0Vn8spI+wuJ1O6S7gnbaQg8Pxh4NNHb7KSINmEWKiPE4RKOplvijn+NkmYmmRgP68mc70j2EbeTFRsrswaQeg==
  
  minimalistic-assert@^1.0.0, minimalistic-assert@^1.0.1:
    version "1.0.1"
    resolved "https://registry.npmjs.org/minimalistic-assert/-/minimalistic-assert-1.0.1.tgz"
    integrity sha512-UtJcAD4yEaGtjPezWuO9wC4nwUnVH/8/Im3yEHQP4b67cXlD/Qr9hdITCU1xDbSEXg2XKNaP8jsReV7vQd00/A==
  
  minimalistic-crypto-utils@^1.0.1:
    version "1.0.1"
    resolved "https://registry.npmjs.org/minimalistic-crypto-utils/-/minimalistic-crypto-utils-1.0.1.tgz"
    integrity sha512-JIYlbt6g8i5jKfJ3xz7rF0LXmv2TkDxBLUkiBeZ7bAx4GnnNMr8xFpGnOxn6GhTEHx3SjRrZEoU+j04prX1ktg==
  
  moment-timezone@^0.5.43:
    version "0.5.45"
    resolved "https://registry.npmjs.org/moment-timezone/-/moment-timezone-0.5.45.tgz"
    integrity sha512-HIWmqA86KcmCAhnMAN0wuDOARV/525R2+lOLotuGFzn4HO+FH+/645z2wx0Dt3iDv6/p61SIvKnDstISainhLQ==
    dependencies:
      moment "^2.29.4"
  
  moment@^2.29.4:
    version "2.30.1"
    resolved "https://registry.npmjs.org/moment/-/moment-2.30.1.tgz"
    integrity sha512-uEmtNhbDOrWPFS+hdjFCBfy9f2YoyzRpwcl+DqpC6taX21FzsTLQVbMV/W7PzNSX6x/bhC1zA3c2UQ5NzH6how==
  
  ms@2.0.0:
    version "2.0.0"
    resolved "https://registry.npmjs.org/ms/-/ms-2.0.0.tgz"
    integrity sha512-Tpp60P6IUJDTuOq/5Z8cdskzJujfwqfOTkrwIwj7IRISpnkJnT6SyJ4PCPnGMoFjC9ddhal5KVIYtAt97ix05A==
  
  ms@2.1.2:
    version "2.1.2"
    resolved "https://registry.npmjs.org/ms/-/ms-2.1.2.tgz"
    integrity sha512-sGkPx+VjMtmA6MX27oA4FBFELFCZZ4S4XqeGOXCv68tT+jb3vk/RyaKWP0PTKyWtmLSM0b+adUTEvbs1PEaH2w==
  
  ms@2.1.3:
    version "2.1.3"
    resolved "https://registry.npmjs.org/ms/-/ms-2.1.3.tgz"
    integrity sha512-6FlzubTLZG3J2a/NVCAleEhjzq5oxgHyaCU9yYXvcLsvoVaHJq/s5xXI6/XXP6tz7R9xAOtHnSO/tXtF3WRTlA==
  
  negotiator@0.6.3:
    version "0.6.3"
    resolved "https://registry.npmjs.org/negotiator/-/negotiator-0.6.3.tgz"
    integrity sha512-+EUsqGPLsM+j/zdChZjsnX51g4XrHFOIXwfnCVPGlQk/k5giakcKsuxCObBRu6DSm9opw/O6slWbJdghQM4bBg==
  
  object-inspect@^1.13.1:
    version "1.13.2"
    resolved "https://registry.npmjs.org/object-inspect/-/object-inspect-1.13.2.tgz"
    integrity sha512-IRZSRuzJiynemAXPYtPe5BoI/RESNYR7TYm50MC5Mqbd3Jmw5y790sErYw3V6SryFJD64b74qQQs9wn5Bg/k3g==
  
  on-finished@2.4.1:
    version "2.4.1"
    resolved "https://registry.npmjs.org/on-finished/-/on-finished-2.4.1.tgz"
    integrity sha512-oVlzkg3ENAhCk2zdv7IJwd/QUD4z2RxRwpkcGY8psCVcCYZNq4wYnVWALHM+brtuJjePWiYF/ClmuDr8Ch5+kg==
    dependencies:
      ee-first "1.1.1"
  
  parseurl@~1.3.3:
    version "1.3.3"
    resolved "https://registry.npmjs.org/parseurl/-/parseurl-1.3.3.tgz"
    integrity sha512-CiyeOxFT/JZyN5m0z9PfXw4SCBJ6Sygz1Dpl0wqjlhDEGGBP1GnsUVEL0p63hoG1fcj3fHynXi9NYO4nWOL+qQ==
  
  path-to-regexp@0.1.7:
    version "0.1.7"
    resolved "https://registry.npmjs.org/path-to-regexp/-/path-to-regexp-0.1.7.tgz"
    integrity sha512-5DFkuoqlv1uYQKxy8omFBeJPQcdoE07Kv2sferDCrAq1ohOU+MSDswDIbnx3YAM60qIOnYa53wBhXW0EbMonrQ==
  
  pg-cloudflare@^1.1.1:
    version "1.1.1"
    resolved "https://registry.npmjs.org/pg-cloudflare/-/pg-cloudflare-1.1.1.tgz"
    integrity sha512-xWPagP/4B6BgFO+EKz3JONXv3YDgvkbVrGw2mTo3D6tVDQRh1e7cqVGvyR3BE+eQgAvx1XhW/iEASj4/jCWl3Q==
  
  pg-connection-string@^2.6.1, pg-connection-string@^2.6.4:
    version "2.6.4"
    resolved "https://registry.npmjs.org/pg-connection-string/-/pg-connection-string-2.6.4.tgz"
    integrity sha512-v+Z7W/0EO707aNMaAEfiGnGL9sxxumwLl2fJvCQtMn9Fxsg+lPpPkdcyBSv/KFgpGdYkMfn+EI1Or2EHjpgLCA==
  
  pg-int8@1.0.1:
    version "1.0.1"
    resolved "https://registry.npmjs.org/pg-int8/-/pg-int8-1.0.1.tgz"
    integrity sha512-WCtabS6t3c8SkpDBUlb1kjOs7l66xsGdKpIPZsg4wR+B3+u9UAum2odSsF9tnvxg80h4ZxLWMy4pRjOsFIqQpw==
  
  pg-pool@^3.6.2:
    version "3.6.2"
    resolved "https://registry.npmjs.org/pg-pool/-/pg-pool-3.6.2.tgz"
    integrity sha512-Htjbg8BlwXqSBQ9V8Vjtc+vzf/6fVUuak/3/XXKA9oxZprwW3IMDQTGHP+KDmVL7rtd+R1QjbnCFPuTHm3G4hg==
  
  pg-protocol@^1.6.1:
    version "1.6.1"
    resolved "https://registry.npmjs.org/pg-protocol/-/pg-protocol-1.6.1.tgz"
    integrity sha512-jPIlvgoD63hrEuihvIg+tJhoGjUsLPn6poJY9N5CnlPd91c2T18T/9zBtLxZSb1EhYxBRoZJtzScCaWlYLtktg==
  
  pg-types@^2.1.0:
    version "2.2.0"
    resolved "https://registry.npmjs.org/pg-types/-/pg-types-2.2.0.tgz"
    integrity sha512-qTAAlrEsl8s4OiEQY69wDvcMIdQN6wdz5ojQiOy6YRMuynxenON0O5oCpJI6lshc6scgAY8qvJ2On/p+CXY0GA==
    dependencies:
      pg-int8 "1.0.1"
      postgres-array "~2.0.0"
      postgres-bytea "~1.0.0"
      postgres-date "~1.0.4"
      postgres-interval "^1.1.0"
  
  pg@^8.12.0:
    version "8.12.0"
    resolved "https://registry.npmjs.org/pg/-/pg-8.12.0.tgz"
    integrity sha512-A+LHUSnwnxrnL/tZ+OLfqR1SxLN3c/pgDztZ47Rpbsd4jUytsTtwQo/TLPRzPJMp/1pbhYVhH9cuSZLAajNfjQ==
    dependencies:
      pg-connection-string "^2.6.4"
      pg-pool "^3.6.2"
      pg-protocol "^1.6.1"
      pg-types "^2.1.0"
      pgpass "1.x"
    optionalDependencies:
      pg-cloudflare "^1.1.1"
  
  pgpass@1.x:
    version "1.0.5"
    resolved "https://registry.npmjs.org/pgpass/-/pgpass-1.0.5.tgz"
    integrity sha512-FdW9r/jQZhSeohs1Z3sI1yxFQNFvMcnmfuj4WBMUTxOrAyLMaTcE1aAMBiTlbMNaXvBCQuVi0R7hd8udDSP7ug==
    dependencies:
      split2 "^4.1.0"
  
  postgres-array@~2.0.0:
    version "2.0.0"
    resolved "https://registry.npmjs.org/postgres-array/-/postgres-array-2.0.0.tgz"
    integrity sha512-VpZrUqU5A69eQyW2c5CA1jtLecCsN2U/bD6VilrFDWq5+5UIEVO7nazS3TEcHf1zuPYO/sqGvUvW62g86RXZuA==
  
  postgres-bytea@~1.0.0:
    version "1.0.0"
    resolved "https://registry.npmjs.org/postgres-bytea/-/postgres-bytea-1.0.0.tgz"
    integrity sha512-xy3pmLuQqRBZBXDULy7KbaitYqLcmxigw14Q5sj8QBVLqEwXfeybIKVWiqAXTlcvdvb0+xkOtDbfQMOf4lST1w==
  
  postgres-date@~1.0.4:
    version "1.0.7"
    resolved "https://registry.npmjs.org/postgres-date/-/postgres-date-1.0.7.tgz"
    integrity sha512-suDmjLVQg78nMK2UZ454hAG+OAW+HQPZ6n++TNDUX+L0+uUlLywnoxJKDou51Zm+zTCjrCl0Nq6J9C5hP9vK/Q==
  
  postgres-interval@^1.1.0:
    version "1.2.0"
    resolved "https://registry.npmjs.org/postgres-interval/-/postgres-interval-1.2.0.tgz"
    integrity sha512-9ZhXKM/rw350N1ovuWHbGxnGh/SNJ4cnxHiM0rxE4VN41wsg8P8zWn9hv/buK00RP4WvlOyr/RBDiptyxVbkZQ==
    dependencies:
      xtend "^4.0.0"
  
  proxy-addr@~2.0.7:
    version "2.0.7"
    resolved "https://registry.npmjs.org/proxy-addr/-/proxy-addr-2.0.7.tgz"
    integrity sha512-llQsMLSUDUPT44jdrU/O37qlnifitDP+ZwrmmZcoSKyLKvtZxpyV0n2/bD/N4tBAAZ/gJEdZU7KMraoK1+XYAg==
    dependencies:
      forwarded "0.2.0"
      ipaddr.js "1.9.1"
  
  qs@6.11.0:
    version "6.11.0"
    resolved "https://registry.npmjs.org/qs/-/qs-6.11.0.tgz"
    integrity sha512-MvjoMCJwEarSbUYk5O+nmoSzSutSsTwF85zcHPQ9OrlFoZOYIjaqBAJIqIXjptyD5vThxGq52Xu/MaJzRkIk4Q==
    dependencies:
      side-channel "^1.0.4"
  
  range-parser@~1.2.1:
    version "1.2.1"
    resolved "https://registry.npmjs.org/range-parser/-/range-parser-1.2.1.tgz"
    integrity sha512-Hrgsx+orqoygnmhFbKaHE6c296J+HTAQXoxEF6gNupROmmGJRoyzfG3ccAveqCBrwr/2yxQ5BVd/GTl5agOwSg==
  
  raw-body@2.5.2:
    version "2.5.2"
    resolved "https://registry.npmjs.org/raw-body/-/raw-body-2.5.2.tgz"
    integrity sha512-8zGqypfENjCIqGhgXToC8aB2r7YrBX+AQAfIPs/Mlk+BtPTztOvTS01NRW/3Eh60J+a48lt8qsCzirQ6loCVfA==
    dependencies:
      bytes "3.1.2"
      http-errors "2.0.0"
      iconv-lite "0.4.24"
      unpipe "1.0.0"
  
  retry-as-promised@^7.0.4:
    version "7.0.4"
    resolved "https://registry.npmjs.org/retry-as-promised/-/retry-as-promised-7.0.4.tgz"
    integrity sha512-XgmCoxKWkDofwH8WddD0w85ZfqYz+ZHlr5yo+3YUCfycWawU56T5ckWXsScsj5B8tqUcIG67DxXByo3VUgiAdA==
  
  safe-buffer@5.2.1:
    version "5.2.1"
    resolved "https://registry.npmjs.org/safe-buffer/-/safe-buffer-5.2.1.tgz"
    integrity sha512-rp3So07KcdmmKbGvgaNxQSJr7bGVSVk5S9Eq1F+ppbRo70+YeaDxkw5Dd8NPN+GD6bjnYm2VuPuCXmpuYvmCXQ==
  
  "safer-buffer@>= 2.1.2 < 3":
    version "2.1.2"
    resolved "https://registry.npmjs.org/safer-buffer/-/safer-buffer-2.1.2.tgz"
    integrity sha512-YZo3K82SD7Riyi0E1EQPojLz7kpepnSQI9IyPbHHg1XXXevb5dJI7tpyN2ADxGcQbHG7vcyRHk0cbwqcQriUtg==
  
  scrypt-js@3.0.1:
    version "3.0.1"
    resolved "https://registry.npmjs.org/scrypt-js/-/scrypt-js-3.0.1.tgz"
    integrity sha512-cdwTTnqPu0Hyvf5in5asVdZocVDTNRmR7XEcJuIzMjJeSHybHl7vpB66AzwTaIg6CLSbtjcxc8fqcySfnTkccA==
  
  semver@^7.5.4:
    version "7.6.2"
    resolved "https://registry.npmjs.org/semver/-/semver-7.6.2.tgz"
    integrity sha512-FNAIBWCx9qcRhoHcgcJ0gvU7SN1lYU2ZXuSfl04bSC5OpvDHFyJCjdNHomPXxjQlCBU67YW64PzY7/VIEH7F2w==
  
  send@0.18.0:
    version "0.18.0"
    resolved "https://registry.npmjs.org/send/-/send-0.18.0.tgz"
    integrity sha512-qqWzuOjSFOuqPjFe4NOsMLafToQQwBSOEpS+FwEt3A2V3vKubTquT3vmLTQpFgMXp8AlFWFuP1qKaJZOtPpVXg==
    dependencies:
      debug "2.6.9"
      depd "2.0.0"
      destroy "1.2.0"
      encodeurl "~1.0.2"
      escape-html "~1.0.3"
      etag "~1.8.1"
      fresh "0.5.2"
      http-errors "2.0.0"
      mime "1.6.0"
      ms "2.1.3"
      on-finished "2.4.1"
      range-parser "~1.2.1"
      statuses "2.0.1"
  
  sequelize-pool@^7.1.0:
    version "7.1.0"
    resolved "https://registry.npmjs.org/sequelize-pool/-/sequelize-pool-7.1.0.tgz"
    integrity sha512-G9c0qlIWQSK29pR/5U2JF5dDQeqqHRragoyahj/Nx4KOOQ3CPPfzxnfqFPCSB7x5UgjOgnZ61nSxz+fjDpRlJg==
  
  sequelize@^6.37.3:
    version "6.37.3"
    resolved "https://registry.npmjs.org/sequelize/-/sequelize-6.37.3.tgz"
    integrity sha512-V2FTqYpdZjPy3VQrZvjTPnOoLm0KudCRXfGWp48QwhyPPp2yW8z0p0sCYZd/em847Tl2dVxJJ1DR+hF+O77T7A==
    dependencies:
      "@types/debug" "^4.1.8"
      "@types/validator" "^13.7.17"
      debug "^4.3.4"
      dottie "^2.0.6"
      inflection "^1.13.4"
      lodash "^4.17.21"
      moment "^2.29.4"
      moment-timezone "^0.5.43"
      pg-connection-string "^2.6.1"
      retry-as-promised "^7.0.4"
      semver "^7.5.4"
      sequelize-pool "^7.1.0"
      toposort-class "^1.0.1"
      uuid "^8.3.2"
      validator "^13.9.0"
      wkx "^0.5.0"
  
  serve-static@1.15.0:
    version "1.15.0"
    resolved "https://registry.npmjs.org/serve-static/-/serve-static-1.15.0.tgz"
    integrity sha512-XGuRDNjXUijsUL0vl6nSD7cwURuzEgglbOaFuZM9g3kwDXOWVTck0jLzjPzGD+TazWbboZYu52/9/XPdUgne9g==
    dependencies:
      encodeurl "~1.0.2"
      escape-html "~1.0.3"
      parseurl "~1.3.3"
      send "0.18.0"
  
  set-function-length@^1.2.1:
    version "1.2.2"
    resolved "https://registry.npmjs.org/set-function-length/-/set-function-length-1.2.2.tgz"
    integrity sha512-pgRc4hJ4/sNjWCSS9AmnS40x3bNMDTknHgL5UaMBTMyJnU90EgWh1Rz+MC9eFu4BuN/UwZjKQuY/1v3rM7HMfg==
    dependencies:
      define-data-property "^1.1.4"
      es-errors "^1.3.0"
      function-bind "^1.1.2"
      get-intrinsic "^1.2.4"
      gopd "^1.0.1"
      has-property-descriptors "^1.0.2"
  
  setprototypeof@1.2.0:
    version "1.2.0"
    resolved "https://registry.npmjs.org/setprototypeof/-/setprototypeof-1.2.0.tgz"
    integrity sha512-E5LDX7Wrp85Kil5bhZv46j8jOeboKq5JMmYM3gVGdGH8xFpPWXUMsNrlODCrkoxMEeNi/XZIwuRvY4XNwYMJpw==
  
  side-channel@^1.0.4:
    version "1.0.6"
    resolved "https://registry.npmjs.org/side-channel/-/side-channel-1.0.6.tgz"
    integrity sha512-fDW/EZ6Q9RiO8eFG8Hj+7u/oW+XrPTIChwCOM2+th2A6OblDtYYIpve9m+KvI9Z4C9qSEXlaGR6bTEYHReuglA==
    dependencies:
      call-bind "^1.0.7"
      es-errors "^1.3.0"
      get-intrinsic "^1.2.4"
      object-inspect "^1.13.1"
  
  split2@^4.1.0:
    version "4.2.0"
    resolved "https://registry.npmjs.org/split2/-/split2-4.2.0.tgz"
    integrity sha512-UcjcJOWknrNkF6PLX83qcHM6KHgVKNkV62Y8a5uYDVv9ydGQVwAHMKqHdJje1VTWpljG0WYpCDhrCdAOYH4TWg==
  
  statuses@2.0.1:
    version "2.0.1"
    resolved "https://registry.npmjs.org/statuses/-/statuses-2.0.1.tgz"
    integrity sha512-RwNA9Z/7PrK06rYLIzFMlaF+l73iwpzsqRIFgbMLbTcLD6cOao82TaWefPXQvB2fOC4AjuYSEndS7N/mTCbkdQ==
  
  toidentifier@1.0.1:
    version "1.0.1"
    resolved "https://registry.npmjs.org/toidentifier/-/toidentifier-1.0.1.tgz"
    integrity sha512-o5sSPKEkg/DIQNmH43V0/uerLrpzVedkUh8tGNvaeXpfpuwjKenlSox/2O/BTlZUtEe+JG7s5YhEz608PlAHRA==
  
  toposort-class@^1.0.1:
    version "1.0.1"
    resolved "https://registry.npmjs.org/toposort-class/-/toposort-class-1.0.1.tgz"
    integrity sha512-OsLcGGbYF3rMjPUf8oKktyvCiUxSbqMMS39m33MAjLTC1DVIH6x3WSt63/M77ihI09+Sdfk1AXvfhCEeUmC7mg==
  
  type-is@~1.6.18:
    version "1.6.18"
    resolved "https://registry.npmjs.org/type-is/-/type-is-1.6.18.tgz"
    integrity sha512-TkRKr9sUTxEH8MdfuCSP7VizJyzRNMjj2J2do2Jr3Kym598JVdEksuzPQCnlFPW4ky9Q+iA+ma9BGm06XQBy8g==
    dependencies:
      media-typer "0.3.0"
      mime-types "~2.1.24"
  
  typescript@^5.4.5:
    version "5.4.5"
    resolved "https://registry.npmjs.org/typescript/-/typescript-5.4.5.tgz"
    integrity sha512-vcI4UpRgg81oIRUFwR0WSIHKt11nJ7SAVlYNIu+QpqeyXP+gpQJy/Z4+F0aGxSE4MqwjyXvW/TzgkLAx2AGHwQ==
  
  undici-types@~5.26.4:
    version "5.26.5"
    resolved "https://registry.npmjs.org/undici-types/-/undici-types-5.26.5.tgz"
    integrity sha512-JlCMO+ehdEIKqlFxk6IfVoAUVmgz7cU7zD/h9XZ0qzeosSHmUJVOzSQvvYSYWXkFXC+IfLKSIffhv0sVZup6pA==
  
  unpipe@1.0.0, unpipe@~1.0.0:
    version "1.0.0"
    resolved "https://registry.npmjs.org/unpipe/-/unpipe-1.0.0.tgz"
    integrity sha512-pjy2bYhSsufwWlKwPc+l3cN7+wuJlK6uz0YdJEOlQDbl6jo/YlPi4mb8agUkVC8BF7V8NuzeyPNqRksA3hztKQ==
  
  utils-merge@1.0.1:
    version "1.0.1"
    resolved "https://registry.npmjs.org/utils-merge/-/utils-merge-1.0.1.tgz"
    integrity sha512-pMZTvIkT1d+TFGvDOqodOclx0QWkkgi6Tdoa8gC8ffGAAqz9pzPTZWAybbsHHoED/ztMtkv/VoYTYyShUn81hA==
  
  uuid@^8.3.2:
    version "8.3.2"
    resolved "https://registry.npmjs.org/uuid/-/uuid-8.3.2.tgz"
    integrity sha512-+NYs2QeMWy+GWFOEm9xnn6HCDp0l7QBD7ml8zLUmJ+93Q5NF0NocErnwkTkXVFNiX3/fpC6afS8Dhb/gz7R7eg==
  
  validator@^13.9.0:
    version "13.12.0"
    resolved "https://registry.npmjs.org/validator/-/validator-13.12.0.tgz"
    integrity sha512-c1Q0mCiPlgdTVVVIJIrBuxNicYE+t/7oKeI9MWLj3fh/uq2Pxh/3eeWbVZ4OcGW1TUf53At0njHw5SMdA3tmMg==
  
  vary@~1.1.2:
    version "1.1.2"
    resolved "https://registry.npmjs.org/vary/-/vary-1.1.2.tgz"
    integrity sha512-BNGbWLfd0eUPabhkXUVm0j8uuvREyTh5ovRa/dyow/BqAbZJyC+5fU+IzQOzmAKzYqYRAISoRhdQr3eIZ/PXqg==
  
  wkx@^0.5.0:
    version "0.5.0"
    resolved "https://registry.npmjs.org/wkx/-/wkx-0.5.0.tgz"
    integrity sha512-Xng/d4Ichh8uN4l0FToV/258EjMGU9MGcA0HV2d9B/ZpZB3lqQm7nkOdZdm5GhKtLLhAE7PiVQwN4eN+2YJJUg==
    dependencies:
      "@types/node" "*"
  
  ws@7.4.6:
    version "7.4.6"
    resolved "https://registry.npmjs.org/ws/-/ws-7.4.6.tgz"
    integrity sha512-YmhHDO4MzaDLB+M9ym/mDA5z0naX8j7SIlT8f8z+I0VtzsRbekxEutHSme7NPS2qE8StCYQNUnfWdXta/Yu85A==
  
  xtend@^4.0.0:
    version "4.0.2"
    resolved "https://registry.npmjs.org/xtend/-/xtend-4.0.2.tgz"
    integrity sha512-LKYU1iAXJXUgAXn9URjiu+MWhyUXHsvfp7mcuYm9dSUKK0/CjtrUwFAxD82/mCWbtLsGjFIad0wIsod4zrTAEQ==
